<?xml version="1.0" encoding="UTF-8"?>
<!-- Generated by org.testng.reporters.JUnitXMLReporter -->
<testsuite ignored="5" hostname="SPZMUMLAP0011" failures="0" tests="17" name="IPD_Policy_Test" time="3837.267" errors="0" timestamp="2023-11-09T23:36:04 IST">
  <testcase classname="tests.authorizationpolicy.ipd.ScheduleAdmissionPolicyTest" name="validatePolicy_plannedAdmission" time="132.314"/>
  <testcase classname="tests.authorizationpolicy.ipd.ScheduleAdmissionPolicyTest" name="validatePolicy_emergencyAdmission" time="110.016"/>
  <testcase classname="tests.authorizationpolicy.ipd.ScheduleAdmissionPolicyTest" name="validatePolicy_sameDayAdmission" time="107.587"/>
  <testcase classname="tests.authorizationpolicy.ipd.PatientFlowPolicyTest" name="validatePolicy_sendPatientFlow" time="241.226"/>
  <testcase classname="tests.authorizationpolicy.ipd.PatientFlowPolicyTest" name="validatePolicy_readyForAdmission" time="239.994"/>
  <testcase classname="tests.authorizationpolicy.ipd.PatientFlowPolicyTest" name="validatePolicy_admitPatient" time="246.33"/>
  <testcase classname="tests.authorizationpolicy.ipd.PatientFlowPolicyTest" name="validatePolicy_dischargePatient" time="250.195"/>
  <testcase classname="tests.authorizationpolicy.ipd.PatientFlowPolicyTest" name="validatePolicy_readmitPatient" time="281.541"/>
  <testcase classname="tests.authorizationpolicy.ipd.PatientFlowPolicyTest" name="validatePolicy_readyForOt" time="223.764"/>
  <testcase classname="tests.authorizationpolicy.ipd.PatientFlowPolicyTest" name="validatePolicy_engageOt" time="248.895"/>
  <testcase classname="tests.authorizationpolicy.ipd.PatientFlowPolicyTest" name="validatePolicy_markAsDone" time="251.597"/>
  <testcase classname="tests.authorizationpolicy.ipd.PatientFlowPolicyTest" name="validatePolicy_sendToWard" time="242.735"/>
  <testcase classname="tests.authorizationpolicy.ipd.PatientFlowPolicyTest" name="validatePolicy_undoReadyForAdmission" time="277.912"/>
  <testcase classname="tests.authorizationpolicy.ipd.PatientFlowPolicyTest" name="validatePolicy_editAdmissionDateAndTime" time="100.498"/>
  <testcase classname="tests.authorizationpolicy.ipd.PatientFlowPolicyTest" name="validatePolicy_naPatient" time="287.914"/>
  <testcase classname="tests.authorizationpolicy.ipd.PatientFlowPolicyTest" name="validatePolicy_billingClearance" time="287.779"/>
  <testcase classname="tests.authorizationpolicy.ipd.PatientFlowPolicyTest" name="validatePolicy_undoBillingClearance" time="295.064"/>
  <testcase classname="com.healthgraph.SeleniumFramework.TestNG.TestBase" name="@AfterTest destroyTest" time="0.0">
    <ignored/>
  </testcase> <!-- @AfterTest destroyTest -->
  <testcase classname="com.healthgraph.SeleniumFramework.TestNG.TestBase" name="@BeforeTest setUpTest" time="0.0">
    <ignored/>
  </testcase> <!-- @BeforeTest setUpTest -->
  <testcase classname="com.healthgraph.SeleniumFramework.TestNG.TestBase" name="@BeforeSuite setUpSuite" time="0.0">
    <ignored/>
  </testcase> <!-- @BeforeSuite setUpSuite -->
  <testcase classname="tests.authorizationpolicy.ipd.IPD_Policy" name="@BeforeTest checkConditions" time="0.0">
    <ignored/>
  </testcase> <!-- @BeforeTest checkConditions -->
  <testcase classname="com.healthgraph.SeleniumFramework.TestNG.TestBase" name="@AfterSuite destroySuite" time="0.0">
    <ignored/>
  </testcase> <!-- @AfterSuite destroySuite -->
</testsuite> <!-- IPD_Policy_Test -->
