<?xml version="1.0" encoding="UTF-8"?>
<!-- Generated by org.testng.reporters.JUnitXMLReporter -->
<testsuite ignored="0" hostname="SPZMUMLAP0011" failures="0" tests="2" name="SequenceParallel_Test" time="423.262" errors="0" timestamp="2023-12-18T19:29:23 IST">
  <testcase classname="tests.inventoryStores.otStore.StoreConsumptionTest" name="validateCreateStoreConsumptionFunctionality" time="280.86"/>
  <testcase classname="tests.inventoryStores.otStore.StoreConsumptionTest" name="editAndApproveStoreConsumptionFunctionality" time="127.734"/>
</testsuite> <!-- SequenceParallel_Test -->
