<?xml version="1.0" encoding="UTF-8"?>
<!-- Generated by org.testng.reporters.JUnitReportReporter -->
<testsuite hostname="SPZMUMLAP0011" failures="0" tests="1" name="tests.inventoryStores.pharmacyStore.Order.SalesOrderTest" time="268.981" errors="0" timestamp="2023-07-03T15:11:12 IST" skipped="0">
  <testcase classname="tests.inventoryStores.pharmacyStore.Order.SalesOrderTest" name="validateCreatingSalesOrder" time="268.981"/>
  <system-out>
    <![CDATA[Test Case Description: The Facility - <b>TST</b> is already selected.
Expected: true
Actual: true

Test Case Description: Pharmacy automation- Pharmacy store is selected.
Expected: true
Actual: true

Test Case Description: Selected Option in the Left Panel = <b>Items</b>
Expected: true
Actual: true

Test Case Description: Selected Sub Option in the Left Panel = <b>Master</b>
Expected: true
Actual: true

Test Case Description: <b> SalesOrderTest1 </b> is present in Item Master List
Expected: true
Actual: true

Test Case Description: Available stock of item : SalesOrderTest1 --> <b>1873.0</b>
Expected: true
Actual: true

Test Case Description: <b> SALES-ORDER-AUTO-TEST2 </b> is present in Item Master List
Expected: true
Actual: true

Test Case Description: Available stock of item : SALES-ORDER-AUTO-TEST2 --> <b>9988.0</b>
Expected: true
Actual: true

Test Case Description: Selected Option in the Left Panel = <b>Order</b>
Expected: true
Actual: true

Test Case Description: Selected Sub Option in the Left Panel = <b>Sales Order</b>
Expected: true
Actual: true

Test Case Description: Sales Order New Button Clicked
Expected: true
Actual: true

Test Case Description: Patient name - Mr. Elon
Expected: true
Actual: true

Test Case Description: Salutation for Patient is selected as - Mr.
Expected: true
Actual: true

Test Case Description: First Name is entered as - Elon
Expected: true
Actual: true

Test Case Description: Mobile Number is entered as - 1234567890
Expected: true
Actual: true

Test Case Description: Medical Record (MR) No is entered as AUTO_PATIENT_03-07-2023 | 03:07 PM
Expected: true
Actual: true

Test Case Description: Validated Displayed Sales Order Header -><b>Sales Order For Mr. Elon</b>
Expected: true
Actual: true

Test Case Description: Entering the Item name as <b>SALES-ORDER-AUTO-TEST2</b> in description
Expected: true
Actual: true

Test Case Description: Item : <b>SALES-ORDER-AUTO-TEST2</b> Selected for Sales Order
Expected: true
Actual: true

Test Case Description: Clicked Remove Item from list Button
Expected: true
Actual: true

Test Case Description: Validated Remove Item Functionality ->Item Not Removed if only one item is selected
Expected: true
Actual: true

Test Case Description: Entering the Item name as <b>SalesOrderTest1</b> in description
Expected: true
Actual: true

Test Case Description: Item : <b>SalesOrderTest1</b> Selected for Sales Order
Expected: true
Actual: true

Test Case Description: Clicked Remove Item from list Button
Expected: true
Actual: true

Test Case Description: Validated Remove Item Functionality ->Item Not Removed
Expected: true
Actual: true

Test Case Description: Entering the Item name as <b>SALES-ORDER-AUTO-TEST2</b> in description
Expected: true
Actual: true

Test Case Description: Item : <b>SALES-ORDER-AUTO-TEST2</b> Selected for Sales Order
Expected: true
Actual: true

Test Case Description: Entered <b>PR.Akash test</b> in Doctor Name
Expected: true
Actual: true

Test Case Description: Selected Sales Order Date as : <b>03/07/2023</b>
Expected: true
Actual: true

Test Case Description: Quantity Required Error Displayed
Expected: true
Actual: true

Test Case Description: Clicked <b>Add Offer</b> Button
Expected: true
Actual: true

Test Case Description: Validated Offer Valid Till -> <b>21/09/2023</b>
Expected: true
Actual: true

Test Case Description: Offer : <b>HOLI23</b> is selected -> Offer Discount Percentage : <b>14</b>
Expected: true
Actual: true

Test Case Description: Displayed Item Description : <b>SalesOrderTest1</b>
Expected: true
Actual: true

Test Case Description: Validated Item HSN -><b>12345</b>
Expected: true
Actual: true

Test Case Description: Validated Item Batch No -><b></b>
Expected: true
Actual: true

Test Case Description: Validated Item Expiry Date -><b>N.A</b>
Expected: true
Actual: true

Test Case Description: Validated Item MRP -><b>300.0</b>
Expected: true
Actual: true

Test Case Description: Validated Item Tax Percentage -><b>5.0</b>
Expected: true
Actual: true

Test Case Description: Entered <b>2</b> in Quantity
Expected: true
Actual: true

Test Case Description: Validated Item Gross Amount -><b>600.00</b>
Expected: true
Actual: true

Test Case Description: Entered <b>21</b> in Discount
Expected: true
Actual: true

Test Case Description: Selected <b>%</b> in Discount Type
Expected: true
Actual: true

Test Case Description: Validated -> Displayed Discount Amount : <b>126.0</b>
Expected: true
Actual: true

Test Case Description: Validated ->Displayed Taxable amount <b>388.23</b>
Expected: true
Actual: true

Test Case Description: Validated ->Displayed Tax amount <b>19.41</b>
Expected: true
Actual: true

Test Case Description: Validated ->Displayed Net amount <b>407.64</b>
Expected: true
Actual: true

Test Case Description: Entered <b>TEST</b> in Remark
Expected: true
Actual: true

Test Case Description: Displayed Item Description : <b>SALES-ORDER-AUTO-TEST2</b>
Expected: true
Actual: true

Test Case Description: Validated Item HSN -><b>HAKASW</b>
Expected: true
Actual: true

Test Case Description: Validated Item Batch No -><b>89709</b>
Expected: true
Actual: true

Test Case Description: Validated Item Expiry Date -><b>2023-07-27</b>
Expected: true
Actual: true

Test Case Description: Validated Item MRP -><b>1000.0</b>
Expected: true
Actual: true

Test Case Description: Validated Item Tax Percentage -><b>18.0</b>
Expected: true
Actual: true

Test Case Description: Entered <b>4</b> in Quantity
Expected: true
Actual: true

Test Case Description: Validated Item Gross Amount -><b>4000.00</b>
Expected: true
Actual: true

Test Case Description: Entered <b>12</b> in Discount
Expected: true
Actual: true

Test Case Description: Selected <b>₹</b> in Discount Type
Expected: true
Actual: true

Test Case Description: Validated -> Displayed Discount Amount : <b>12.0</b>
Expected: true
Actual: true

Test Case Description: Validated ->Displayed Taxable amount <b>2906.51</b>
Expected: true
Actual: true

Test Case Description: Validated ->Displayed Tax amount <b>523.17</b>
Expected: true
Actual: true

Test Case Description: Validated ->Displayed Net amount <b>3429.68</b>
Expected: true
Actual: true

Test Case Description: Entered <b>TEST</b> in Remark
Expected: true
Actual: true

Test Case Description: Validated GST5 Amount = <b>19.41</b>
Expected: true
Actual: true

Test Case Description: Validated GST18 Amount = <b>523.17</b>
Expected: true
Actual: true

Test Case Description: Validated Total Taxable Amount = <b>3294.74</b>
Expected: true
Actual: true

Test Case Description: Validated Total Gross Amount = <b>4600.00</b>
Expected: true
Actual: true

Test Case Description: Validated Total Discount Amount = <b>138.00</b>
Expected: true
Actual: true

Test Case Description: Validated Total Offer Amount = <b>624.68</b>
Expected: true
Actual: true

Test Case Description: Validated Total Net Amount = <b>3837.32</b>
Expected: true
Actual: true

Test Case Description: Validated balance/pending amount 3837.32 on the sales order
Expected: true
Actual: true

Test Case Description: Selected mode of payment as Cash
Expected: true
Actual: true

Test Case Description: Entered Payment Received by Cash amount = <b>3637.32</b>
Expected: true
Actual: true

Test Case Description: Clicked <b>Add Payment</b> button
Expected: true
Actual: true

Test Case Description: New Mode of Payment option Added
Expected: true
Actual: true

Test Case Description: Selected mode of payment as <b>Card</b>
Expected: true
Actual: true

Test Case Description: Selected Card Machine as <b>Card Machine 1</b>
Expected: true
Actual: true

Test Case Description: Entered Transaction Id No : 1234
Expected: true
Actual: true

Test Case Description: Entered Batch No : 1234
Expected: true
Actual: true

Test Case Description: Entered Payment Received by Card amount 200
Expected: true
Actual: true

Test Case Description: Validated Displayed Total Amount Received : 3837.32
Expected: true
Actual: true

Test Case Description: Validated -> Balance/pending amount after Payment <b>0.00</b>
Expected: true
Actual: true

Test Case Description: Sales order created -> ID : <b>RSO-PSO-101384</b>
Expected: true
Actual: true

Test Case Description: Validated Estimated Delivery Date : <b>03-07-2023</b> in created sales order list
Expected: true
Actual: true

Test Case Description: Validated Order Status : <b>Delivered</b> in created sales order list
Expected: true
Actual: true

Test Case Description: Validated Amount : <b>4600.0</b> in created sales order list
Expected: true
Actual: true

Test Case Description: Validated Sales Order RHS -> Patient name : <b>Mr. Elon</b>
Expected: true
Actual: true

Test Case Description: Validated Sales Order RHS -> Doctor name : <b>PR.Akash test</b>
Expected: true
Actual: true

Test Case Description: Validated Sales Order RHS -> Order Number : <b>RSO-PSO-101384</b>
Expected: true
Actual: true

Test Case Description: Validated Item Details -> QTY = <b>2.0</b>
Expected: true
Actual: true

Test Case Description: Validated Item Details -> BATCH NO = <b></b>
Expected: true
Actual: true

Test Case Description: Validated Item Details -> HSN = <b>12345</b>
Expected: true
Actual: true

Test Case Description: Validated Item Details -> MRP = <b>300.0</b>
Expected: true
Actual: true

Test Case Description: Validated Item Details -> EXP. DATE = <b>N.A</b>
Expected: true
Actual: true

Test Case Description: Validated Item Details -> GROSS AMOUNT = <b>600.0</b>
Expected: true
Actual: true

Test Case Description: Validated Item Details -> DISCOUNT AMOUNT = <b>192.36</b>
Expected: true
Actual: true

Test Case Description: Validated Item Details -> TAX AMOUNT = <b>19.41</b>
Expected: true
Actual: true

Test Case Description: Validated Item Details -> NET AMOUNT = <b>407.64</b>
Expected: true
Actual: true

Test Case Description: Validated Item Details -> QTY = <b>4.0</b>
Expected: true
Actual: true

Test Case Description: Validated Item Details -> BATCH NO = <b>89709</b>
Expected: true
Actual: true

Test Case Description: Validated Item Details -> HSN = <b>HAKASW</b>
Expected: true
Actual: true

Test Case Description: Validated Item Details -> MRP = <b>1000.0</b>
Expected: true
Actual: true

Test Case Description: Validated Item Details -> EXP. DATE = <b>27/07/2023</b>
Expected: true
Actual: true

Test Case Description: Validated Item Details -> GROSS AMOUNT = <b>4000.0</b>
Expected: true
Actual: true

Test Case Description: Validated Item Details -> DISCOUNT AMOUNT = <b>570.32</b>
Expected: true
Actual: true

Test Case Description: Validated Item Details -> TAX AMOUNT = <b>523.17</b>
Expected: true
Actual: true

Test Case Description: Validated Item Details -> NET AMOUNT = <b>3429.68</b>
Expected: true
Actual: true

Test Case Description: Validated Item Details -> GST5 Amount = <b>19.41</b>
Expected: true
Actual: true

Test Case Description: Validated Item Details -> GST18 Amount = <b>523.17</b>
Expected: true
Actual: true

Test Case Description: Validated Item Details -> Taxable Amount = <b>3294.74</b>
Expected: true
Actual: true

Test Case Description: Validated Item Details -> Total Amount Including Tax = <b>4600.0</b>
Expected: true
Actual: true

Test Case Description: Validated Item Details -> Discount Amount = <b>138.0</b>
Expected: true
Actual: true

Test Case Description: Validated Item Details -> Offer Amount = <b>624.68</b>
Expected: true
Actual: true

Test Case Description: Validated Item Details -> Net Amount = <b>3837.32</b>
Expected: true
Actual: true

Test Case Description: Validated Item Details -> Payment Received amount = <b>3837.32</b>
Expected: true
Actual: true

Test Case Description: Validated Sales Order Print Page Opened
Expected: true
Actual: true

Test Case Description: Entered Send To mail id as <b>praveen.kingsley@healthgraph.in</b>
Expected: true
Actual: true

Test Case Description: Entered mail Subject as <b>[AUTO TEST] SALES ORDER PRINT</b>
Expected: true
Actual: true

Test Case Description: Clicked Preview button
Expected: true
Actual: true

Test Case Description: Clicked <b>Send</b> mail button
Expected: true
Actual: true

Test Case Description: Validated Sales Order Email Sent
Expected: true
Actual: true

Test Case Description: Validated Sales Order Invoice Print Page Opened
Expected: true
Actual: true

Test Case Description: Entered Send To mail id as <b>praveen.kingsley@healthgraph.in</b>
Expected: true
Actual: true

Test Case Description: Entered mail Subject as <b>[AUTO TEST] SALES ORDER INVOICE PRINT</b>
Expected: true
Actual: true

Test Case Description: Clicked Preview button
Expected: true
Actual: true

Test Case Description: Clicked <b>Send</b> mail button
Expected: true
Actual: true

Test Case Description: Validated Sales Order Invoice Email Sent
Expected: true
Actual: true

Test Case Description: Selected Option in the Left Panel = <b>Items</b>
Expected: true
Actual: true

Test Case Description: Selected Sub Option in the Left Panel = <b>Master</b>
Expected: true
Actual: true

Test Case Description: <b> SalesOrderTest1 </b> is present in Item Master List
Expected: true
Actual: true

Test Case Description: Available stock of item : SalesOrderTest1 --> <b>1871.0</b>
Expected: true
Actual: true

Test Case Description: <b> SALES-ORDER-AUTO-TEST2 </b> is present in Item Master List
Expected: true
Actual: true

Test Case Description: Available stock of item : SALES-ORDER-AUTO-TEST2 --> <b>9984.0</b>
Expected: true
Actual: true

Test Case Description: Validated Item (SalesOrderTest1) Stock reduced from <b>1873.0</b> to <b>1871.0</b>
Expected: true
Actual: true

Test Case Description: Validated Item (SALES-ORDER-AUTO-TEST2) Stock reduced from <b>9988.0</b> to <b>9984.0</b>
Expected: true
Actual: true
]]>
  </system-out>
</testsuite> <!-- tests.inventoryStores.pharmacyStore.Order.SalesOrderTest -->
